[0323/025416.241:INFO:CONSOLE(66)] "You must enable Billing on the Google Cloud Project at https://console.cloud.google.com/project/_/billing/enable Learn more at https://developers.google.com/maps/gmp-get-started", source: https://maps.googleapis.com/maps/api/js?key=AIzaSyCy-fMWerzvXcPCV0FDI07hW2DAzs_mnpY&callback=initMap (66)
[0323/025423.973:INFO:CONSOLE(22)] "Here I am !!!", source: https://cn1app/streams/1 (22)
[0323/025717.417:INFO:CONSOLE(66)] "You must enable Billing on the Google Cloud Project at https://console.cloud.google.com/project/_/billing/enable Learn more at https://developers.google.com/maps/gmp-get-started", source: https://maps.googleapis.com/maps/api/js?key=AIzaSyCy-fMWerzvXcPCV0FDI07hW2DAzs_mnpY&callback=initMap (66)
[0323/025723.488:INFO:CONSOLE(22)] "Here I am !!!", source: https://cn1app/streams/1 (22)
[0323/030236.397:INFO:CONSOLE(66)] "You must enable Billing on the Google Cloud Project at https://console.cloud.google.com/project/_/billing/enable Learn more at https://developers.google.com/maps/gmp-get-started", source: https://maps.googleapis.com/maps/api/js?key=AIzaSyCy-fMWerzvXcPCV0FDI07hW2DAzs_mnpY&callback=initMap (66)
[0323/030244.191:INFO:CONSOLE(22)] "Here I am !!!", source: https://cn1app/streams/1 (22)
[0323/031308.664:INFO:CONSOLE(66)] "You must enable Billing on the Google Cloud Project at https://console.cloud.google.com/project/_/billing/enable Learn more at https://developers.google.com/maps/gmp-get-started", source: https://maps.googleapis.com/maps/api/js?key=AIzaSyCy-fMWerzvXcPCV0FDI07hW2DAzs_mnpY&callback=initMap (66)
[0323/031308.730:WARNING:spdy_session.cc(3365)] Received HEADERS for invalid stream 21
[0323/031308.743:WARNING:spdy_session.cc(3365)] Received HEADERS for invalid stream 33
[0323/031308.745:WARNING:spdy_session.cc(3365)] Received HEADERS for invalid stream 27
[0323/031308.745:WARNING:spdy_session.cc(3365)] Received HEADERS for invalid stream 35
[0323/031308.779:WARNING:spdy_session.cc(3365)] Received HEADERS for invalid stream 31
[0323/031308.795:WARNING:spdy_session.cc(3365)] Received HEADERS for invalid stream 37
[0323/031308.797:WARNING:spdy_session.cc(3365)] Received HEADERS for invalid stream 29
[0323/031316.661:INFO:CONSOLE(22)] "Here I am !!!", source: https://cn1app/streams/1 (22)
[0323/032945.996:WARNING:spdy_session.cc(3365)] Received HEADERS for invalid stream 15
[0323/032946.015:WARNING:spdy_session.cc(3365)] Received HEADERS for invalid stream 17
[0323/032946.041:WARNING:spdy_session.cc(3365)] Received HEADERS for invalid stream 19
[0323/032946.074:WARNING:spdy_session.cc(3365)] Received HEADERS for invalid stream 23
[0323/032946.090:WARNING:spdy_session.cc(3365)] Received HEADERS for invalid stream 25
[0323/032946.106:WARNING:spdy_session.cc(3365)] Received HEADERS for invalid stream 27
[0323/032946.107:WARNING:spdy_session.cc(3365)] Received HEADERS for invalid stream 29
[0323/032946.140:INFO:CONSOLE(66)] "You must enable Billing on the Google Cloud Project at https://console.cloud.google.com/project/_/billing/enable Learn more at https://developers.google.com/maps/gmp-get-started", source: https://maps.googleapis.com/maps/api/js?key=AIzaSyBXndkCvVEP3aUx3AnMfNPEbSFRMWgTQeE&callback=initMap (66)
[0323/032946.212:WARNING:spdy_session.cc(3365)] Received HEADERS for invalid stream 47
[0323/032946.231:WARNING:spdy_session.cc(3365)] Received HEADERS for invalid stream 49
[0323/032946.284:WARNING:spdy_session.cc(3365)] Received HEADERS for invalid stream 55
[0323/032946.285:WARNING:spdy_session.cc(3365)] Received HEADERS for invalid stream 57
[0323/032946.285:WARNING:spdy_session.cc(3365)] Received HEADERS for invalid stream 51
[0323/032946.299:WARNING:spdy_session.cc(3365)] Received HEADERS for invalid stream 59
[0323/032946.299:WARNING:spdy_session.cc(3365)] Received HEADERS for invalid stream 65
[0323/032954.271:INFO:CONSOLE(22)] "Here I am !!!", source: https://cn1app/streams/1 (22)
[0323/035313.708:INFO:CONSOLE(66)] "You must enable Billing on the Google Cloud Project at https://console.cloud.google.com/project/_/billing/enable Learn more at https://developers.google.com/maps/gmp-get-started", source: https://maps.googleapis.com/maps/api/js?key=AIzaSyCy-fMWerzvXcPCV0FDI07hW2DAzs_mnpY&callback=initMap (66)
[0323/035321.631:INFO:CONSOLE(22)] "Here I am !!!", source: https://cn1app/streams/1 (22)
[0323/035705.172:INFO:CONSOLE(66)] "You must enable Billing on the Google Cloud Project at https://console.cloud.google.com/project/_/billing/enable Learn more at https://developers.google.com/maps/gmp-get-started", source: https://maps.googleapis.com/maps/api/js?key=AIzaSyCy-fMWerzvXcPCV0FDI07hW2DAzs_mnpY&callback=initMap (66)
[0323/035712.949:INFO:CONSOLE(22)] "Here I am !!!", source: https://cn1app/streams/1 (22)
[0323/040625.383:INFO:CONSOLE(66)] "You must enable Billing on the Google Cloud Project at https://console.cloud.google.com/project/_/billing/enable Learn more at https://developers.google.com/maps/gmp-get-started", source: https://maps.googleapis.com/maps/api/js?key=AIzaSyCy-fMWerzvXcPCV0FDI07hW2DAzs_mnpY&callback=initMap (66)
[0323/040633.277:INFO:CONSOLE(22)] "Here I am !!!", source: https://cn1app/streams/1 (22)
[0323/041105.811:INFO:CONSOLE(66)] "Google Maps JavaScript API error: InvalidKeyMapError
https://developers.google.com/maps/documentation/javascript/error-messages#invalid-key-map-error", source: https://maps.googleapis.com/maps/api/js?key=pk.eyJ1Ijoid2ViZGV2c2ltcGxpZmllZCIsImEiOiJja2d1c2x2djAwODE1MnltaGNzeHljcWN4In0.4u6YymF-wOIYpDoUTMcNOQ&callback=initMap (66)
[0323/041109.733:INFO:CONSOLE(248)] "Google Maps JavaScript API warning: InvalidKey https://developers.google.com/maps/documentation/javascript/error-messages#invalid-key", source: https://maps.googleapis.com/maps-api-v3/api/js/48/5/util.js (248)
[0323/041114.206:INFO:CONSOLE(22)] "Here I am !!!", source: https://cn1app/streams/1 (22)
[0323/041242.719:INFO:CONSOLE(66)] "You must enable Billing on the Google Cloud Project at https://console.cloud.google.com/project/_/billing/enable Learn more at https://developers.google.com/maps/gmp-get-started", source: https://maps.googleapis.com/maps/api/js?key=AIzaSyCy-fMWerzvXcPCV0FDI07hW2DAzs_mnpY&callback=initMap (66)
[0323/041250.709:INFO:CONSOLE(22)] "Here I am !!!", source: https://cn1app/streams/1 (22)
[0323/234633.793:INFO:CONSOLE(66)] "You must enable Billing on the Google Cloud Project at https://console.cloud.google.com/project/_/billing/enable Learn more at https://developers.google.com/maps/gmp-get-started", source: https://maps.googleapis.com/maps/api/js?key=AIzaSyCy-fMWerzvXcPCV0FDI07hW2DAzs_mnpY&callback=initMap (66)
[0323/234641.596:INFO:CONSOLE(22)] "Here I am !!!", source: https://cn1app/streams/1 (22)
[0324/055352.924:INFO:CONSOLE(248)] "Google Maps JavaScript API warning: NoApiKeys https://developers.google.com/maps/documentation/javascript/error-messages#no-api-keys", source: https://maps.googleapis.com/maps-api-v3/api/js/48/6/util.js (248)
[0324/055352.924:INFO:CONSOLE(248)] "Google Maps JavaScript API warning: InvalidKey https://developers.google.com/maps/documentation/javascript/error-messages#invalid-key", source: https://maps.googleapis.com/maps-api-v3/api/js/48/6/util.js (248)
[0324/055356.905:INFO:CONSOLE(22)] "Here I am !!!", source: https://cn1app/streams/1 (22)
[0324/055356.906:INFO:CONSOLE(22)] "Adding path as json with: [{"pathStrokeColor":0, "pathStrokeWidth":1}, {"lat":41.889, "lon": -87.62199999999999}, {"lat":-33.866, "lon": 151.195}, {"lat":-18.142, "lon": 178.431}, {"lat":21.291, "lon": -157.821}, {"lat":37.423, "lon": -122.091}]", source: https://cn1app/streams/1 (22)
[0324/055511.808:INFO:CONSOLE(66)] "You must enable Billing on the Google Cloud Project at https://console.cloud.google.com/project/_/billing/enable Learn more at https://developers.google.com/maps/gmp-get-started", source: https://maps.googleapis.com/maps/api/js?key=AIzaSyCy-fMWerzvXcPCV0FDI07hW2DAzs_mnpY&callback=initMap (66)
[0324/055519.676:INFO:CONSOLE(22)] "Here I am !!!", source: https://cn1app/streams/1 (22)
[0325/020135.975:INFO:CONSOLE(66)] "You must enable Billing on the Google Cloud Project at https://console.cloud.google.com/project/_/billing/enable Learn more at https://developers.google.com/maps/gmp-get-started", source: https://maps.googleapis.com/maps/api/js?key=AIzaSyCy-fMWerzvXcPCV0FDI07hW2DAzs_mnpY&callback=initMap (66)
[0325/020136.052:WARNING:spdy_session.cc(3365)] Received HEADERS for invalid stream 17
[0325/020144.206:INFO:CONSOLE(22)] "Here I am !!!", source: https://cn1app/streams/1 (22)
[0402/024641.813:INFO:CONSOLE(69)] "You must enable Billing on the Google Cloud Project at https://console.cloud.google.com/project/_/billing/enable Learn more at https://developers.google.com/maps/gmp-get-started", source: https://maps.googleapis.com/maps/api/js?key=AIzaSyCy-fMWerzvXcPCV0FDI07hW2DAzs_mnpY&callback=initMap (69)
[0402/024649.788:INFO:CONSOLE(22)] "Here I am !!!", source: https://cn1app/streams/1 (22)
[0402/033903.058:INFO:CONSOLE(69)] "You must enable Billing on the Google Cloud Project at https://console.cloud.google.com/project/_/billing/enable Learn more at https://developers.google.com/maps/gmp-get-started", source: https://maps.googleapis.com/maps/api/js?key=AIzaSyCy-fMWerzvXcPCV0FDI07hW2DAzs_mnpY&callback=initMap (69)
[0402/033911.124:INFO:CONSOLE(22)] "Here I am !!!", source: https://cn1app/streams/1 (22)
[0402/034055.587:INFO:CONSOLE(69)] "You must enable Billing on the Google Cloud Project at https://console.cloud.google.com/project/_/billing/enable Learn more at https://developers.google.com/maps/gmp-get-started", source: https://maps.googleapis.com/maps/api/js?key=AIzaSyCy-fMWerzvXcPCV0FDI07hW2DAzs_mnpY&callback=initMap (69)
[0402/034101.478:INFO:CONSOLE(22)] "Here I am !!!", source: https://cn1app/streams/1 (22)
[0402/034331.966:INFO:CONSOLE(69)] "You must enable Billing on the Google Cloud Project at https://console.cloud.google.com/project/_/billing/enable Learn more at https://developers.google.com/maps/gmp-get-started", source: https://maps.googleapis.com/maps/api/js?key=AIzaSyCy-fMWerzvXcPCV0FDI07hW2DAzs_mnpY&callback=initMap (69)
[0402/034340.045:INFO:CONSOLE(22)] "Here I am !!!", source: https://cn1app/streams/1 (22)
[0402/034525.581:INFO:CONSOLE(69)] "You must enable Billing on the Google Cloud Project at https://console.cloud.google.com/project/_/billing/enable Learn more at https://developers.google.com/maps/gmp-get-started", source: https://maps.googleapis.com/maps/api/js?key=AIzaSyCy-fMWerzvXcPCV0FDI07hW2DAzs_mnpY&callback=initMap (69)
[0402/034533.606:INFO:CONSOLE(22)] "Here I am !!!", source: https://cn1app/streams/1 (22)
[0402/034812.274:INFO:CONSOLE(69)] "You must enable Billing on the Google Cloud Project at https://console.cloud.google.com/project/_/billing/enable Learn more at https://developers.google.com/maps/gmp-get-started", source: https://maps.googleapis.com/maps/api/js?key=AIzaSyCy-fMWerzvXcPCV0FDI07hW2DAzs_mnpY&callback=initMap (69)
[0402/034820.320:INFO:CONSOLE(22)] "Here I am !!!", source: https://cn1app/streams/1 (22)
[0402/044350.939:INFO:CONSOLE(69)] "You must enable Billing on the Google Cloud Project at https://console.cloud.google.com/project/_/billing/enable Learn more at https://developers.google.com/maps/gmp-get-started", source: https://maps.googleapis.com/maps/api/js?key=AIzaSyCy-fMWerzvXcPCV0FDI07hW2DAzs_mnpY&callback=initMap (69)
[0402/044358.541:INFO:CONSOLE(22)] "Here I am !!!", source: https://cn1app/streams/1 (22)
[0402/105748.285:INFO:CONSOLE(22)] "Here I am !!!", source: https://cn1app/streams/1 (22)
[0402/121836.538:INFO:CONSOLE(69)] "You must enable Billing on the Google Cloud Project at https://console.cloud.google.com/project/_/billing/enable Learn more at https://developers.google.com/maps/gmp-get-started", source: https://maps.googleapis.com/maps/api/js?key=AIzaSyCy-fMWerzvXcPCV0FDI07hW2DAzs_mnpY&callback=initMap (69)
[0402/122153.446:INFO:CONSOLE(22)] "Here I am !!!", source: https://cn1app/streams/1 (22)
[0402/122202.166:INFO:CONSOLE(69)] "You must enable Billing on the Google Cloud Project at https://console.cloud.google.com/project/_/billing/enable Learn more at https://developers.google.com/maps/gmp-get-started", source: https://maps.googleapis.com/maps/api/js?key=AIzaSyCy-fMWerzvXcPCV0FDI07hW2DAzs_mnpY&callback=initMap (69)
[0402/122727.145:INFO:CONSOLE(22)] "Here I am !!!", source: https://cn1app/streams/1 (22)
[0402/122737.133:INFO:CONSOLE(69)] "You must enable Billing on the Google Cloud Project at https://console.cloud.google.com/project/_/billing/enable Learn more at https://developers.google.com/maps/gmp-get-started", source: https://maps.googleapis.com/maps/api/js?key=AIzaSyCy-fMWerzvXcPCV0FDI07hW2DAzs_mnpY&callback=initMap (69)
[0402/144403.416:WARNING:dns_config_service_win.cc(700)] Failed to read DnsConfig.
[0402/144403.582:WARNING:dns_config_service_win.cc(700)] Failed to read DnsConfig.
[0402/144408.438:WARNING:dns_config_service_win.cc(700)] Failed to read DnsConfig.
[0402/144408.593:WARNING:dns_config_service_win.cc(700)] Failed to read DnsConfig.
[0402/144413.457:WARNING:dns_config_service_win.cc(700)] Failed to read DnsConfig.
[0402/144413.613:WARNING:dns_config_service_win.cc(700)] Failed to read DnsConfig.
[0402/144414.112:INFO:CONSOLE(22)] "Here I am !!!", source: https://cn1app/streams/1 (22)
[0402/144418.468:WARNING:dns_config_service_win.cc(700)] Failed to read DnsConfig.
[0402/144418.622:WARNING:dns_config_service_win.cc(700)] Failed to read DnsConfig.
[0402/144423.485:WARNING:dns_config_service_win.cc(700)] Failed to read DnsConfig.
[0402/144423.644:WARNING:dns_config_service_win.cc(700)] Failed to read DnsConfig.
[0402/144428.495:WARNING:dns_config_service_win.cc(700)] Failed to read DnsConfig.
[0402/144428.650:WARNING:dns_config_service_win.cc(700)] Failed to read DnsConfig.
[0402/144433.511:WARNING:dns_config_service_win.cc(700)] Failed to read DnsConfig.
[0402/144433.671:WARNING:dns_config_service_win.cc(700)] Failed to read DnsConfig.
[0402/144438.532:WARNING:dns_config_service_win.cc(700)] Failed to read DnsConfig.
[0402/144438.689:WARNING:dns_config_service_win.cc(700)] Failed to read DnsConfig.
[0402/144443.540:WARNING:dns_config_service_win.cc(700)] Failed to read DnsConfig.
[0402/144443.698:WARNING:dns_config_service_win.cc(700)] Failed to read DnsConfig.
[0402/144448.543:WARNING:dns_config_service_win.cc(700)] Failed to read DnsConfig.
[0402/144448.715:WARNING:dns_config_service_win.cc(700)] Failed to read DnsConfig.
[0402/144453.548:WARNING:dns_config_service_win.cc(700)] Failed to read DnsConfig.
[0402/144453.723:WARNING:dns_config_service_win.cc(700)] Failed to read DnsConfig.
[0402/144458.554:WARNING:dns_config_service_win.cc(700)] Failed to read DnsConfig.
[0402/144458.731:WARNING:dns_config_service_win.cc(700)] Failed to read DnsConfig.
[0402/144503.570:WARNING:dns_config_service_win.cc(700)] Failed to read DnsConfig.
[0402/144503.746:WARNING:dns_config_service_win.cc(700)] Failed to read DnsConfig.
[0402/144508.584:WARNING:dns_config_service_win.cc(700)] Failed to read DnsConfig.
[0402/144508.755:WARNING:dns_config_service_win.cc(700)] Failed to read DnsConfig.
[0402/144513.594:WARNING:dns_config_service_win.cc(700)] Failed to read DnsConfig.
[0402/144545.929:WARNING:dns_config_service_win.cc(700)] Failed to read DnsConfig.
[0402/144545.930:WARNING:dns_config_service_win.cc(700)] Failed to read DnsConfig.
[0402/144550.952:WARNING:dns_config_service_win.cc(700)] Failed to read DnsConfig.
[0402/144550.952:WARNING:dns_config_service_win.cc(700)] Failed to read DnsConfig.
[0402/144555.966:WARNING:dns_config_service_win.cc(700)] Failed to read DnsConfig.
[0402/144555.966:WARNING:dns_config_service_win.cc(700)] Failed to read DnsConfig.
[0402/144600.975:WARNING:dns_config_service_win.cc(700)] Failed to read DnsConfig.
[0402/144600.975:WARNING:dns_config_service_win.cc(700)] Failed to read DnsConfig.
[0402/144605.984:WARNING:dns_config_service_win.cc(700)] Failed to read DnsConfig.
[0402/144605.984:WARNING:dns_config_service_win.cc(700)] Failed to read DnsConfig.
[0402/144611.003:WARNING:dns_config_service_win.cc(700)] Failed to read DnsConfig.
[0402/144611.004:WARNING:dns_config_service_win.cc(700)] Failed to read DnsConfig.
[0402/144616.019:WARNING:dns_config_service_win.cc(700)] Failed to read DnsConfig.
[0402/144616.019:WARNING:dns_config_service_win.cc(700)] Failed to read DnsConfig.
[0402/144621.036:WARNING:dns_config_service_win.cc(700)] Failed to read DnsConfig.
[0402/144621.036:WARNING:dns_config_service_win.cc(700)] Failed to read DnsConfig.
[0402/144626.050:WARNING:dns_config_service_win.cc(700)] Failed to read DnsConfig.
[0402/144626.050:WARNING:dns_config_service_win.cc(700)] Failed to read DnsConfig.
[0402/144631.074:WARNING:dns_config_service_win.cc(700)] Failed to read DnsConfig.
[0402/144631.075:WARNING:dns_config_service_win.cc(700)] Failed to read DnsConfig.
[0402/144636.095:WARNING:dns_config_service_win.cc(700)] Failed to read DnsConfig.
[0402/144636.095:WARNING:dns_config_service_win.cc(700)] Failed to read DnsConfig.
[0402/144641.113:WARNING:dns_config_service_win.cc(700)] Failed to read DnsConfig.
[0402/144641.114:WARNING:dns_config_service_win.cc(700)] Failed to read DnsConfig.
[0402/144646.135:WARNING:dns_config_service_win.cc(700)] Failed to read DnsConfig.
[0402/144646.136:WARNING:dns_config_service_win.cc(700)] Failed to read DnsConfig.
[0402/144651.154:WARNING:dns_config_service_win.cc(700)] Failed to read DnsConfig.
[0402/144651.154:WARNING:dns_config_service_win.cc(700)] Failed to read DnsConfig.
[0402/144656.170:WARNING:dns_config_service_win.cc(700)] Failed to read DnsConfig.
[0402/144656.170:WARNING:dns_config_service_win.cc(700)] Failed to read DnsConfig.
[0402/144701.191:WARNING:dns_config_service_win.cc(700)] Failed to read DnsConfig.
[0402/144701.191:WARNING:dns_config_service_win.cc(700)] Failed to read DnsConfig.
[0402/144706.199:WARNING:dns_config_service_win.cc(700)] Failed to read DnsConfig.
[0402/144706.199:WARNING:dns_config_service_win.cc(700)] Failed to read DnsConfig.
[0402/144711.216:WARNING:dns_config_service_win.cc(700)] Failed to read DnsConfig.
[0402/144711.217:WARNING:dns_config_service_win.cc(700)] Failed to read DnsConfig.
[0402/144716.244:WARNING:dns_config_service_win.cc(700)] Failed to read DnsConfig.
[0402/144716.244:WARNING:dns_config_service_win.cc(700)] Failed to read DnsConfig.
[0402/144721.259:WARNING:dns_config_service_win.cc(700)] Failed to read DnsConfig.
[0402/144721.259:WARNING:dns_config_service_win.cc(700)] Failed to read DnsConfig.
[0402/144726.274:WARNING:dns_config_service_win.cc(700)] Failed to read DnsConfig.
[0402/144726.274:WARNING:dns_config_service_win.cc(700)] Failed to read DnsConfig.
[0402/144731.295:WARNING:dns_config_service_win.cc(700)] Failed to read DnsConfig.
[0402/144731.295:WARNING:dns_config_service_win.cc(700)] Failed to read DnsConfig.
[0402/144736.322:WARNING:dns_config_service_win.cc(700)] Failed to read DnsConfig.
[0402/144736.322:WARNING:dns_config_service_win.cc(700)] Failed to read DnsConfig.
[0402/144741.327:WARNING:dns_config_service_win.cc(700)] Failed to read DnsConfig.
[0402/144741.328:WARNING:dns_config_service_win.cc(700)] Failed to read DnsConfig.
[0402/144746.346:WARNING:dns_config_service_win.cc(700)] Failed to read DnsConfig.
[0402/144746.346:WARNING:dns_config_service_win.cc(700)] Failed to read DnsConfig.
[0402/144751.377:WARNING:dns_config_service_win.cc(700)] Failed to read DnsConfig.
[0402/144751.377:WARNING:dns_config_service_win.cc(700)] Failed to read DnsConfig.
[0402/144756.395:WARNING:dns_config_service_win.cc(700)] Failed to read DnsConfig.
[0402/144756.395:WARNING:dns_config_service_win.cc(700)] Failed to read DnsConfig.
[0402/144801.423:WARNING:dns_config_service_win.cc(700)] Failed to read DnsConfig.
[0402/144801.424:WARNING:dns_config_service_win.cc(700)] Failed to read DnsConfig.
[0402/144806.456:WARNING:dns_config_service_win.cc(700)] Failed to read DnsConfig.
[0402/144806.456:WARNING:dns_config_service_win.cc(700)] Failed to read DnsConfig.
[0402/144811.481:WARNING:dns_config_service_win.cc(700)] Failed to read DnsConfig.
[0402/144811.481:WARNING:dns_config_service_win.cc(700)] Failed to read DnsConfig.
[0402/144816.512:WARNING:dns_config_service_win.cc(700)] Failed to read DnsConfig.
[0402/144816.513:WARNING:dns_config_service_win.cc(700)] Failed to read DnsConfig.
[0402/144821.531:WARNING:dns_config_service_win.cc(700)] Failed to read DnsConfig.
[0402/144821.531:WARNING:dns_config_service_win.cc(700)] Failed to read DnsConfig.
[0402/144824.399:WARNING:dns_config_service_win.cc(700)] Failed to read DnsConfig.
[0402/144826.553:WARNING:dns_config_service_win.cc(700)] Failed to read DnsConfig.
[0402/144826.554:WARNING:dns_config_service_win.cc(700)] Failed to read DnsConfig.
[0402/144829.423:WARNING:dns_config_service_win.cc(700)] Failed to read DnsConfig.
[0402/144831.571:WARNING:dns_config_service_win.cc(700)] Failed to read DnsConfig.
[0402/144831.572:WARNING:dns_config_service_win.cc(700)] Failed to read DnsConfig.
[0402/144834.439:WARNING:dns_config_service_win.cc(700)] Failed to read DnsConfig.
[0402/144836.579:WARNING:dns_config_service_win.cc(700)] Failed to read DnsConfig.
[0402/144836.603:WARNING:dns_config_service_win.cc(700)] Failed to read DnsConfig.
[0402/144839.461:WARNING:dns_config_service_win.cc(700)] Failed to read DnsConfig.
[0402/144841.586:WARNING:dns_config_service_win.cc(700)] Failed to read DnsConfig.
[0402/144841.626:WARNING:dns_config_service_win.cc(700)] Failed to read DnsConfig.
[0402/144844.471:WARNING:dns_config_service_win.cc(700)] Failed to read DnsConfig.
[0402/144846.598:WARNING:dns_config_service_win.cc(700)] Failed to read DnsConfig.
[0402/144846.650:WARNING:dns_config_service_win.cc(700)] Failed to read DnsConfig.
[0402/144849.490:WARNING:dns_config_service_win.cc(700)] Failed to read DnsConfig.
[0402/144851.618:WARNING:dns_config_service_win.cc(700)] Failed to read DnsConfig.
[0402/144851.670:WARNING:dns_config_service_win.cc(700)] Failed to read DnsConfig.
[0402/144854.510:WARNING:dns_config_service_win.cc(700)] Failed to read DnsConfig.
[0402/144856.622:WARNING:dns_config_service_win.cc(700)] Failed to read DnsConfig.
[0402/144856.685:WARNING:dns_config_service_win.cc(700)] Failed to read DnsConfig.
[0402/144859.536:WARNING:dns_config_service_win.cc(700)] Failed to read DnsConfig.
[0402/144901.643:WARNING:dns_config_service_win.cc(700)] Failed to read DnsConfig.
[0402/144901.706:WARNING:dns_config_service_win.cc(700)] Failed to read DnsConfig.
[0402/144904.550:WARNING:dns_config_service_win.cc(700)] Failed to read DnsConfig.
[0402/144906.661:WARNING:dns_config_service_win.cc(700)] Failed to read DnsConfig.
[0402/144906.729:WARNING:dns_config_service_win.cc(700)] Failed to read DnsConfig.
[0402/144909.574:WARNING:dns_config_service_win.cc(700)] Failed to read DnsConfig.
[0402/144911.677:WARNING:dns_config_service_win.cc(700)] Failed to read DnsConfig.
[0402/144911.742:WARNING:dns_config_service_win.cc(700)] Failed to read DnsConfig.
[0402/144914.591:WARNING:dns_config_service_win.cc(700)] Failed to read DnsConfig.
[0402/144916.690:WARNING:dns_config_service_win.cc(700)] Failed to read DnsConfig.
[0402/144916.758:WARNING:dns_config_service_win.cc(700)] Failed to read DnsConfig.
[0402/144919.606:WARNING:dns_config_service_win.cc(700)] Failed to read DnsConfig.
[0402/144921.710:WARNING:dns_config_service_win.cc(700)] Failed to read DnsConfig.
[0402/144921.780:WARNING:dns_config_service_win.cc(700)] Failed to read DnsConfig.
[0402/144924.623:WARNING:dns_config_service_win.cc(700)] Failed to read DnsConfig.
[0402/144926.726:WARNING:dns_config_service_win.cc(700)] Failed to read DnsConfig.
[0402/144926.800:WARNING:dns_config_service_win.cc(700)] Failed to read DnsConfig.
[0402/144929.632:WARNING:dns_config_service_win.cc(700)] Failed to read DnsConfig.
[0402/144931.736:WARNING:dns_config_service_win.cc(700)] Failed to read DnsConfig.
[0402/144931.819:WARNING:dns_config_service_win.cc(700)] Failed to read DnsConfig.
[0402/144934.642:WARNING:dns_config_service_win.cc(700)] Failed to read DnsConfig.
[0402/144936.745:WARNING:dns_config_service_win.cc(700)] Failed to read DnsConfig.
[0402/144936.845:WARNING:dns_config_service_win.cc(700)] Failed to read DnsConfig.
[0402/144939.652:WARNING:dns_config_service_win.cc(700)] Failed to read DnsConfig.
[0402/144941.759:WARNING:dns_config_service_win.cc(700)] Failed to read DnsConfig.
[0402/144941.876:WARNING:dns_config_service_win.cc(700)] Failed to read DnsConfig.
[0402/144944.660:WARNING:dns_config_service_win.cc(700)] Failed to read DnsConfig.
[0402/144946.775:WARNING:dns_config_service_win.cc(700)] Failed to read DnsConfig.
[0402/144946.896:WARNING:dns_config_service_win.cc(700)] Failed to read DnsConfig.
[0402/144949.681:WARNING:dns_config_service_win.cc(700)] Failed to read DnsConfig.
[0402/144951.779:WARNING:dns_config_service_win.cc(700)] Failed to read DnsConfig.
[0402/144951.906:WARNING:dns_config_service_win.cc(700)] Failed to read DnsConfig.
[0402/144954.695:WARNING:dns_config_service_win.cc(700)] Failed to read DnsConfig.
[0402/144956.798:WARNING:dns_config_service_win.cc(700)] Failed to read DnsConfig.
[0402/144956.927:WARNING:dns_config_service_win.cc(700)] Failed to read DnsConfig.
[0402/144959.714:WARNING:dns_config_service_win.cc(700)] Failed to read DnsConfig.
[0402/145001.804:WARNING:dns_config_service_win.cc(700)] Failed to read DnsConfig.
[0402/145001.954:WARNING:dns_config_service_win.cc(700)] Failed to read DnsConfig.
[0402/145004.732:WARNING:dns_config_service_win.cc(700)] Failed to read DnsConfig.
[0402/145006.813:WARNING:dns_config_service_win.cc(700)] Failed to read DnsConfig.
[0402/145006.973:WARNING:dns_config_service_win.cc(700)] Failed to read DnsConfig.
[0402/145349.967:INFO:CONSOLE(22)] "Here I am !!!", source: https://cn1app/streams/1 (22)
[0402/145351.580:INFO:CONSOLE(69)] "You must enable Billing on the Google Cloud Project at https://console.cloud.google.com/project/_/billing/enable Learn more at https://developers.google.com/maps/gmp-get-started", source: https://maps.googleapis.com/maps/api/js?key=AIzaSyCy-fMWerzvXcPCV0FDI07hW2DAzs_mnpY&callback=initMap (69)
[0402/145729.631:WARNING:dns_config_service_win.cc(700)] Failed to read DnsConfig.
[0402/145729.632:WARNING:dns_config_service_win.cc(700)] Failed to read DnsConfig.
[0402/145734.643:WARNING:dns_config_service_win.cc(700)] Failed to read DnsConfig.
[0402/145734.643:WARNING:dns_config_service_win.cc(700)] Failed to read DnsConfig.
[0402/145739.660:WARNING:dns_config_service_win.cc(700)] Failed to read DnsConfig.
[0402/145739.660:WARNING:dns_config_service_win.cc(700)] Failed to read DnsConfig.
[0402/145744.669:WARNING:dns_config_service_win.cc(700)] Failed to read DnsConfig.
[0402/145744.669:WARNING:dns_config_service_win.cc(700)] Failed to read DnsConfig.
[0402/145749.694:WARNING:dns_config_service_win.cc(700)] Failed to read DnsConfig.
[0402/145749.694:WARNING:dns_config_service_win.cc(700)] Failed to read DnsConfig.
[0402/145754.720:WARNING:dns_config_service_win.cc(700)] Failed to read DnsConfig.
[0402/145754.720:WARNING:dns_config_service_win.cc(700)] Failed to read DnsConfig.
[0402/145759.745:WARNING:dns_config_service_win.cc(700)] Failed to read DnsConfig.
[0402/145759.747:WARNING:dns_config_service_win.cc(700)] Failed to read DnsConfig.
[0402/145804.774:WARNING:dns_config_service_win.cc(700)] Failed to read DnsConfig.
[0402/145804.776:WARNING:dns_config_service_win.cc(700)] Failed to read DnsConfig.
[0402/145809.797:WARNING:dns_config_service_win.cc(700)] Failed to read DnsConfig.
[0402/145809.799:WARNING:dns_config_service_win.cc(700)] Failed to read DnsConfig.
[0402/145814.805:WARNING:dns_config_service_win.cc(700)] Failed to read DnsConfig.
[0402/145814.830:WARNING:dns_config_service_win.cc(700)] Failed to read DnsConfig.
[0402/145819.826:WARNING:dns_config_service_win.cc(700)] Failed to read DnsConfig.
[0402/145819.851:WARNING:dns_config_service_win.cc(700)] Failed to read DnsConfig.
[0402/145824.842:WARNING:dns_config_service_win.cc(700)] Failed to read DnsConfig.
[0402/145824.880:WARNING:dns_config_service_win.cc(700)] Failed to read DnsConfig.
[0402/145829.862:WARNING:dns_config_service_win.cc(700)] Failed to read DnsConfig.
[0402/145829.898:WARNING:dns_config_service_win.cc(700)] Failed to read DnsConfig.
[0402/145834.866:WARNING:dns_config_service_win.cc(700)] Failed to read DnsConfig.
[0402/145834.916:WARNING:dns_config_service_win.cc(700)] Failed to read DnsConfig.
[0402/145839.882:WARNING:dns_config_service_win.cc(700)] Failed to read DnsConfig.
[0402/145839.935:WARNING:dns_config_service_win.cc(700)] Failed to read DnsConfig.
[0402/145844.904:WARNING:dns_config_service_win.cc(700)] Failed to read DnsConfig.
[0402/145844.956:WARNING:dns_config_service_win.cc(700)] Failed to read DnsConfig.
[0402/145849.916:WARNING:dns_config_service_win.cc(700)] Failed to read DnsConfig.
[0402/145849.966:WARNING:dns_config_service_win.cc(700)] Failed to read DnsConfig.
[0402/145854.935:WARNING:dns_config_service_win.cc(700)] Failed to read DnsConfig.
[0402/145854.989:WARNING:dns_config_service_win.cc(700)] Failed to read DnsConfig.
[0402/145859.952:WARNING:dns_config_service_win.cc(700)] Failed to read DnsConfig.
[0402/145900.008:WARNING:dns_config_service_win.cc(700)] Failed to read DnsConfig.
[0402/145904.972:WARNING:dns_config_service_win.cc(700)] Failed to read DnsConfig.
[0402/145905.028:WARNING:dns_config_service_win.cc(700)] Failed to read DnsConfig.
[0402/145909.987:WARNING:dns_config_service_win.cc(700)] Failed to read DnsConfig.
[0402/145910.035:WARNING:dns_config_service_win.cc(700)] Failed to read DnsConfig.
[0402/145914.999:WARNING:dns_config_service_win.cc(700)] Failed to read DnsConfig.
[0402/145915.048:WARNING:dns_config_service_win.cc(700)] Failed to read DnsConfig.
[0402/145920.018:WARNING:dns_config_service_win.cc(700)] Failed to read DnsConfig.
[0402/145920.071:WARNING:dns_config_service_win.cc(700)] Failed to read DnsConfig.
[0402/145925.040:WARNING:dns_config_service_win.cc(700)] Failed to read DnsConfig.
[0402/145925.080:WARNING:dns_config_service_win.cc(700)] Failed to read DnsConfig.
[0402/145930.060:WARNING:dns_config_service_win.cc(700)] Failed to read DnsConfig.
[0402/145930.088:WARNING:dns_config_service_win.cc(700)] Failed to read DnsConfig.
[0402/145935.076:WARNING:dns_config_service_win.cc(700)] Failed to read DnsConfig.
[0402/145935.095:WARNING:dns_config_service_win.cc(700)] Failed to read DnsConfig.
[0402/145940.090:WARNING:dns_config_service_win.cc(700)] Failed to read DnsConfig.
[0402/145940.108:WARNING:dns_config_service_win.cc(700)] Failed to read DnsConfig.
[0402/145945.098:WARNING:dns_config_service_win.cc(700)] Failed to read DnsConfig.
[0402/145945.116:WARNING:dns_config_service_win.cc(700)] Failed to read DnsConfig.
[0402/145950.116:WARNING:dns_config_service_win.cc(700)] Failed to read DnsConfig.
[0402/145950.135:WARNING:dns_config_service_win.cc(700)] Failed to read DnsConfig.
[0402/145955.123:WARNING:dns_config_service_win.cc(700)] Failed to read DnsConfig.
[0402/145955.144:WARNING:dns_config_service_win.cc(700)] Failed to read DnsConfig.
[0402/150000.132:WARNING:dns_config_service_win.cc(700)] Failed to read DnsConfig.
[0402/150000.163:WARNING:dns_config_service_win.cc(700)] Failed to read DnsConfig.
[0402/150005.141:WARNING:dns_config_service_win.cc(700)] Failed to read DnsConfig.
[0402/150005.172:WARNING:dns_config_service_win.cc(700)] Failed to read DnsConfig.
[0402/150010.156:WARNING:dns_config_service_win.cc(700)] Failed to read DnsConfig.
[0402/150010.192:WARNING:dns_config_service_win.cc(700)] Failed to read DnsConfig.
[0402/150015.160:WARNING:dns_config_service_win.cc(700)] Failed to read DnsConfig.
[0402/150015.207:WARNING:dns_config_service_win.cc(700)] Failed to read DnsConfig.
[0402/150020.178:WARNING:dns_config_service_win.cc(700)] Failed to read DnsConfig.
[0402/150020.224:WARNING:dns_config_service_win.cc(700)] Failed to read DnsConfig.
[0402/150025.193:WARNING:dns_config_service_win.cc(700)] Failed to read DnsConfig.
[0402/150025.243:WARNING:dns_config_service_win.cc(700)] Failed to read DnsConfig.
[0402/150030.204:WARNING:dns_config_service_win.cc(700)] Failed to read DnsConfig.
[0402/150030.268:WARNING:dns_config_service_win.cc(700)] Failed to read DnsConfig.
[0402/150035.217:WARNING:dns_config_service_win.cc(700)] Failed to read DnsConfig.
[0402/150035.275:WARNING:dns_config_service_win.cc(700)] Failed to read DnsConfig.
[0402/150040.236:WARNING:dns_config_service_win.cc(700)] Failed to read DnsConfig.
[0402/150040.299:WARNING:dns_config_service_win.cc(700)] Failed to read DnsConfig.
[0402/150045.246:WARNING:dns_config_service_win.cc(700)] Failed to read DnsConfig.
[0402/150045.306:WARNING:dns_config_service_win.cc(700)] Failed to read DnsConfig.
[0402/150050.267:WARNING:dns_config_service_win.cc(700)] Failed to read DnsConfig.
[0402/150050.331:WARNING:dns_config_service_win.cc(700)] Failed to read DnsConfig.
[0402/150055.278:WARNING:dns_config_service_win.cc(700)] Failed to read DnsConfig.
[0402/150055.350:WARNING:dns_config_service_win.cc(700)] Failed to read DnsConfig.
[0402/150100.293:WARNING:dns_config_service_win.cc(700)] Failed to read DnsConfig.
[0402/150100.371:WARNING:dns_config_service_win.cc(700)] Failed to read DnsConfig.
[0402/150105.317:WARNING:dns_config_service_win.cc(700)] Failed to read DnsConfig.
[0402/150105.388:WARNING:dns_config_service_win.cc(700)] Failed to read DnsConfig.
[0402/150110.333:WARNING:dns_config_service_win.cc(700)] Failed to read DnsConfig.
[0402/150110.396:WARNING:dns_config_service_win.cc(700)] Failed to read DnsConfig.
[0402/150115.358:WARNING:dns_config_service_win.cc(700)] Failed to read DnsConfig.
[0402/150115.413:WARNING:dns_config_service_win.cc(700)] Failed to read DnsConfig.
[0402/150120.373:WARNING:dns_config_service_win.cc(700)] Failed to read DnsConfig.
[0402/150120.432:WARNING:dns_config_service_win.cc(700)] Failed to read DnsConfig.
[0402/150125.381:WARNING:dns_config_service_win.cc(700)] Failed to read DnsConfig.
[0402/150125.447:WARNING:dns_config_service_win.cc(700)] Failed to read DnsConfig.
[0402/150130.400:WARNING:dns_config_service_win.cc(700)] Failed to read DnsConfig.
[0402/150130.467:WARNING:dns_config_service_win.cc(700)] Failed to read DnsConfig.
[0402/150135.423:WARNING:dns_config_service_win.cc(700)] Failed to read DnsConfig.
[0402/150135.483:WARNING:dns_config_service_win.cc(700)] Failed to read DnsConfig.
[0402/150140.442:WARNING:dns_config_service_win.cc(700)] Failed to read DnsConfig.
[0402/150140.489:WARNING:dns_config_service_win.cc(700)] Failed to read DnsConfig.
[0402/150145.461:WARNING:dns_config_service_win.cc(700)] Failed to read DnsConfig.
[0402/150145.507:WARNING:dns_config_service_win.cc(700)] Failed to read DnsConfig.
[0402/150150.481:WARNING:dns_config_service_win.cc(700)] Failed to read DnsConfig.
[0402/150150.518:WARNING:dns_config_service_win.cc(700)] Failed to read DnsConfig.
[0402/150155.494:WARNING:dns_config_service_win.cc(700)] Failed to read DnsConfig.
[0402/150155.522:WARNING:dns_config_service_win.cc(700)] Failed to read DnsConfig.
[0402/150200.501:WARNING:dns_config_service_win.cc(700)] Failed to read DnsConfig.
[0402/150200.530:WARNING:dns_config_service_win.cc(700)] Failed to read DnsConfig.
[0402/150205.528:WARNING:dns_config_service_win.cc(700)] Failed to read DnsConfig.
[0402/150205.538:WARNING:dns_config_service_win.cc(700)] Failed to read DnsConfig.
[0402/150210.545:WARNING:dns_config_service_win.cc(700)] Failed to read DnsConfig.
[0402/150210.553:WARNING:dns_config_service_win.cc(700)] Failed to read DnsConfig.
[0402/150215.563:WARNING:dns_config_service_win.cc(700)] Failed to read DnsConfig.
[0402/150215.572:WARNING:dns_config_service_win.cc(700)] Failed to read DnsConfig.
[0402/150220.570:WARNING:dns_config_service_win.cc(700)] Failed to read DnsConfig.
[0402/150220.586:WARNING:dns_config_service_win.cc(700)] Failed to read DnsConfig.
[0402/150225.591:WARNING:dns_config_service_win.cc(700)] Failed to read DnsConfig.
[0402/150225.599:WARNING:dns_config_service_win.cc(700)] Failed to read DnsConfig.
[0402/150230.620:WARNING:dns_config_service_win.cc(700)] Failed to read DnsConfig.
[0402/150230.621:WARNING:dns_config_service_win.cc(700)] Failed to read DnsConfig.
[0402/150235.643:WARNING:dns_config_service_win.cc(700)] Failed to read DnsConfig.
[0402/150235.643:WARNING:dns_config_service_win.cc(700)] Failed to read DnsConfig.
[0402/150240.673:WARNING:dns_config_service_win.cc(700)] Failed to read DnsConfig.
[0402/150240.673:WARNING:dns_config_service_win.cc(700)] Failed to read DnsConfig.
[0402/150245.700:WARNING:dns_config_service_win.cc(700)] Failed to read DnsConfig.
[0402/150245.701:WARNING:dns_config_service_win.cc(700)] Failed to read DnsConfig.
[0402/150250.714:WARNING:dns_config_service_win.cc(700)] Failed to read DnsConfig.
[0402/150250.714:WARNING:dns_config_service_win.cc(700)] Failed to read DnsConfig.
[0402/150255.738:WARNING:dns_config_service_win.cc(700)] Failed to read DnsConfig.
[0402/150255.738:WARNING:dns_config_service_win.cc(700)] Failed to read DnsConfig.
[0402/150300.753:WARNING:dns_config_service_win.cc(700)] Failed to read DnsConfig.
[0402/150300.753:WARNING:dns_config_service_win.cc(700)] Failed to read DnsConfig.
[0402/150305.772:WARNING:dns_config_service_win.cc(700)] Failed to read DnsConfig.
[0402/150305.773:WARNING:dns_config_service_win.cc(700)] Failed to read DnsConfig.
[0402/150310.780:WARNING:dns_config_service_win.cc(700)] Failed to read DnsConfig.
[0402/150310.780:WARNING:dns_config_service_win.cc(700)] Failed to read DnsConfig.
[0402/150315.798:WARNING:dns_config_service_win.cc(700)] Failed to read DnsConfig.
[0402/150315.798:WARNING:dns_config_service_win.cc(700)] Failed to read DnsConfig.
[0402/150320.812:WARNING:dns_config_service_win.cc(700)] Failed to read DnsConfig.
[0402/150320.812:WARNING:dns_config_service_win.cc(700)] Failed to read DnsConfig.
[0402/150325.836:WARNING:dns_config_service_win.cc(700)] Failed to read DnsConfig.
[0402/150325.836:WARNING:dns_config_service_win.cc(700)] Failed to read DnsConfig.
[0402/150330.866:WARNING:dns_config_service_win.cc(700)] Failed to read DnsConfig.
[0402/150330.867:WARNING:dns_config_service_win.cc(700)] Failed to read DnsConfig.
[0402/150335.884:WARNING:dns_config_service_win.cc(700)] Failed to read DnsConfig.
[0402/150335.885:WARNING:dns_config_service_win.cc(700)] Failed to read DnsConfig.
[0402/150340.904:WARNING:dns_config_service_win.cc(700)] Failed to read DnsConfig.
[0402/150340.904:WARNING:dns_config_service_win.cc(700)] Failed to read DnsConfig.
[0402/150345.911:WARNING:dns_config_service_win.cc(700)] Failed to read DnsConfig.
[0402/150345.911:WARNING:dns_config_service_win.cc(700)] Failed to read DnsConfig.
[0402/150350.937:WARNING:dns_config_service_win.cc(700)] Failed to read DnsConfig.
[0402/150350.938:WARNING:dns_config_service_win.cc(700)] Failed to read DnsConfig.
[0402/150355.956:WARNING:dns_config_service_win.cc(700)] Failed to read DnsConfig.
[0402/150355.957:WARNING:dns_config_service_win.cc(700)] Failed to read DnsConfig.
[0402/150400.973:WARNING:dns_config_service_win.cc(700)] Failed to read DnsConfig.
[0402/150400.974:WARNING:dns_config_service_win.cc(700)] Failed to read DnsConfig.
[0402/150406.002:WARNING:dns_config_service_win.cc(700)] Failed to read DnsConfig.
[0402/150406.002:WARNING:dns_config_service_win.cc(700)] Failed to read DnsConfig.
[0402/150411.014:WARNING:dns_config_service_win.cc(700)] Failed to read DnsConfig.
[0402/150411.014:WARNING:dns_config_service_win.cc(700)] Failed to read DnsConfig.
[0402/150416.025:WARNING:dns_config_service_win.cc(700)] Failed to read DnsConfig.
[0402/150416.025:WARNING:dns_config_service_win.cc(700)] Failed to read DnsConfig.
[0402/150421.049:WARNING:dns_config_service_win.cc(700)] Failed to read DnsConfig.
[0402/150421.049:WARNING:dns_config_service_win.cc(700)] Failed to read DnsConfig.
[0402/150426.069:WARNING:dns_config_service_win.cc(700)] Failed to read DnsConfig.
[0402/150426.070:WARNING:dns_config_service_win.cc(700)] Failed to read DnsConfig.
[0402/150431.090:WARNING:dns_config_service_win.cc(700)] Failed to read DnsConfig.
[0402/150431.090:WARNING:dns_config_service_win.cc(700)] Failed to read DnsConfig.
[0402/150436.108:WARNING:dns_config_service_win.cc(700)] Failed to read DnsConfig.
[0402/150436.109:WARNING:dns_config_service_win.cc(700)] Failed to read DnsConfig.
[0402/150441.116:WARNING:dns_config_service_win.cc(700)] Failed to read DnsConfig.
[0402/150441.116:WARNING:dns_config_service_win.cc(700)] Failed to read DnsConfig.
[0402/150446.135:WARNING:dns_config_service_win.cc(700)] Failed to read DnsConfig.
[0402/150446.136:WARNING:dns_config_service_win.cc(700)] Failed to read DnsConfig.
[0402/150451.155:WARNING:dns_config_service_win.cc(700)] Failed to read DnsConfig.
[0402/150451.155:WARNING:dns_config_service_win.cc(700)] Failed to read DnsConfig.
[0402/150456.168:WARNING:dns_config_service_win.cc(700)] Failed to read DnsConfig.
[0402/150456.169:WARNING:dns_config_service_win.cc(700)] Failed to read DnsConfig.
[0402/150501.178:WARNING:dns_config_service_win.cc(700)] Failed to read DnsConfig.
[0402/150501.179:WARNING:dns_config_service_win.cc(700)] Failed to read DnsConfig.
[0402/150506.187:WARNING:dns_config_service_win.cc(700)] Failed to read DnsConfig.
[0402/150506.187:WARNING:dns_config_service_win.cc(700)] Failed to read DnsConfig.
[0402/150511.216:WARNING:dns_config_service_win.cc(700)] Failed to read DnsConfig.
[0402/150511.217:WARNING:dns_config_service_win.cc(700)] Failed to read DnsConfig.
[0402/150516.239:WARNING:dns_config_service_win.cc(700)] Failed to read DnsConfig.
[0402/150516.239:WARNING:dns_config_service_win.cc(700)] Failed to read DnsConfig.
[0402/150521.264:WARNING:dns_config_service_win.cc(700)] Failed to read DnsConfig.
[0402/150521.266:WARNING:dns_config_service_win.cc(700)] Failed to read DnsConfig.
[0402/150526.290:WARNING:dns_config_service_win.cc(700)] Failed to read DnsConfig.
[0402/150526.291:WARNING:dns_config_service_win.cc(700)] Failed to read DnsConfig.
[0402/150531.310:WARNING:dns_config_service_win.cc(700)] Failed to read DnsConfig.
[0402/150531.310:WARNING:dns_config_service_win.cc(700)] Failed to read DnsConfig.
[0402/150536.334:WARNING:dns_config_service_win.cc(700)] Failed to read DnsConfig.
[0402/150536.335:WARNING:dns_config_service_win.cc(700)] Failed to read DnsConfig.
[0402/150541.358:WARNING:dns_config_service_win.cc(700)] Failed to read DnsConfig.
[0402/150541.359:WARNING:dns_config_service_win.cc(700)] Failed to read DnsConfig.
[0402/150546.388:WARNING:dns_config_service_win.cc(700)] Failed to read DnsConfig.
[0402/150546.389:WARNING:dns_config_service_win.cc(700)] Failed to read DnsConfig.
[0402/150551.405:WARNING:dns_config_service_win.cc(700)] Failed to read DnsConfig.
[0402/150551.406:WARNING:dns_config_service_win.cc(700)] Failed to read DnsConfig.
[0402/150556.418:WARNING:dns_config_service_win.cc(700)] Failed to read DnsConfig.
[0402/150556.418:WARNING:dns_config_service_win.cc(700)] Failed to read DnsConfig.
[0402/150601.449:WARNING:dns_config_service_win.cc(700)] Failed to read DnsConfig.
[0402/150601.449:WARNING:dns_config_service_win.cc(700)] Failed to read DnsConfig.
[0402/150606.464:WARNING:dns_config_service_win.cc(700)] Failed to read DnsConfig.
[0402/150606.464:WARNING:dns_config_service_win.cc(700)] Failed to read DnsConfig.
[0402/150611.481:WARNING:dns_config_service_win.cc(700)] Failed to read DnsConfig.
[0402/150611.481:WARNING:dns_config_service_win.cc(700)] Failed to read DnsConfig.
[0402/150616.513:WARNING:dns_config_service_win.cc(700)] Failed to read DnsConfig.
[0402/150616.513:WARNING:dns_config_service_win.cc(700)] Failed to read DnsConfig.
[0402/150621.538:WARNING:dns_config_service_win.cc(700)] Failed to read DnsConfig.
[0402/150621.539:WARNING:dns_config_service_win.cc(700)] Failed to read DnsConfig.
[0402/150626.565:WARNING:dns_config_service_win.cc(700)] Failed to read DnsConfig.
[0402/150626.565:WARNING:dns_config_service_win.cc(700)] Failed to read DnsConfig.
[0402/150631.590:WARNING:dns_config_service_win.cc(700)] Failed to read DnsConfig.
[0402/150631.590:WARNING:dns_config_service_win.cc(700)] Failed to read DnsConfig.
[0402/150636.610:WARNING:dns_config_service_win.cc(700)] Failed to read DnsConfig.
[0402/150636.610:WARNING:dns_config_service_win.cc(700)] Failed to read DnsConfig.
[0402/150641.630:WARNING:dns_config_service_win.cc(700)] Failed to read DnsConfig.
[0402/150641.632:WARNING:dns_config_service_win.cc(700)] Failed to read DnsConfig.
[0402/150646.639:WARNING:dns_config_service_win.cc(700)] Failed to read DnsConfig.
[0402/150646.662:WARNING:dns_config_service_win.cc(700)] Failed to read DnsConfig.
[0402/150651.647:WARNING:dns_config_service_win.cc(700)] Failed to read DnsConfig.
[0402/150651.686:WARNING:dns_config_service_win.cc(700)] Failed to read DnsConfig.
[0402/150656.662:WARNING:dns_config_service_win.cc(700)] Failed to read DnsConfig.
[0402/150656.698:WARNING:dns_config_service_win.cc(700)] Failed to read DnsConfig.
[0402/150701.684:WARNING:dns_config_service_win.cc(700)] Failed to read DnsConfig.
[0402/150701.721:WARNING:dns_config_service_win.cc(700)] Failed to read DnsConfig.
[0402/150706.694:WARNING:dns_config_service_win.cc(700)] Failed to read DnsConfig.
[0402/150706.738:WARNING:dns_config_service_win.cc(700)] Failed to read DnsConfig.
[0402/150711.710:WARNING:dns_config_service_win.cc(700)] Failed to read DnsConfig.
[0402/150711.742:WARNING:dns_config_service_win.cc(700)] Failed to read DnsConfig.
[0402/150716.727:WARNING:dns_config_service_win.cc(700)] Failed to read DnsConfig.
[0402/150716.759:WARNING:dns_config_service_win.cc(700)] Failed to read DnsConfig.
[0402/150721.743:WARNING:dns_config_service_win.cc(700)] Failed to read DnsConfig.
[0402/150721.773:WARNING:dns_config_service_win.cc(700)] Failed to read DnsConfig.
[0402/150726.760:WARNING:dns_config_service_win.cc(700)] Failed to read DnsConfig.
[0402/150726.791:WARNING:dns_config_service_win.cc(700)] Failed to read DnsConfig.
[0402/150731.776:WARNING:dns_config_service_win.cc(700)] Failed to read DnsConfig.
[0402/150731.807:WARNING:dns_config_service_win.cc(700)] Failed to read DnsConfig.
[0402/150736.790:WARNING:dns_config_service_win.cc(700)] Failed to read DnsConfig.
[0402/150736.822:WARNING:dns_config_service_win.cc(700)] Failed to read DnsConfig.
[0402/150741.804:WARNING:dns_config_service_win.cc(700)] Failed to read DnsConfig.
[0402/150741.836:WARNING:dns_config_service_win.cc(700)] Failed to read DnsConfig.
[0402/150746.816:WARNING:dns_config_service_win.cc(700)] Failed to read DnsConfig.
[0402/150746.849:WARNING:dns_config_service_win.cc(700)] Failed to read DnsConfig.
[0402/150751.829:WARNING:dns_config_service_win.cc(700)] Failed to read DnsConfig.
[0402/150751.861:WARNING:dns_config_service_win.cc(700)] Failed to read DnsConfig.
[0402/150756.846:WARNING:dns_config_service_win.cc(700)] Failed to read DnsConfig.
[0402/150756.882:WARNING:dns_config_service_win.cc(700)] Failed to read DnsConfig.
[0402/150801.863:WARNING:dns_config_service_win.cc(700)] Failed to read DnsConfig.
[0402/150801.895:WARNING:dns_config_service_win.cc(700)] Failed to read DnsConfig.
[0402/150806.876:WARNING:dns_config_service_win.cc(700)] Failed to read DnsConfig.
[0402/150806.910:WARNING:dns_config_service_win.cc(700)] Failed to read DnsConfig.
[0402/150811.880:WARNING:dns_config_service_win.cc(700)] Failed to read DnsConfig.
[0402/150811.929:WARNING:dns_config_service_win.cc(700)] Failed to read DnsConfig.
[0402/150816.896:WARNING:dns_config_service_win.cc(700)] Failed to read DnsConfig.
[0402/150816.943:WARNING:dns_config_service_win.cc(700)] Failed to read DnsConfig.
[0402/150821.904:WARNING:dns_config_service_win.cc(700)] Failed to read DnsConfig.
[0402/150821.951:WARNING:dns_config_service_win.cc(700)] Failed to read DnsConfig.
[0402/150826.916:WARNING:dns_config_service_win.cc(700)] Failed to read DnsConfig.
[0402/150826.964:WARNING:dns_config_service_win.cc(700)] Failed to read DnsConfig.
[0402/150831.922:WARNING:dns_config_service_win.cc(700)] Failed to read DnsConfig.
[0402/150831.970:WARNING:dns_config_service_win.cc(700)] Failed to read DnsConfig.
[0402/150836.925:WARNING:dns_config_service_win.cc(700)] Failed to read DnsConfig.
[0402/150836.989:WARNING:dns_config_service_win.cc(700)] Failed to read DnsConfig.
[0402/150841.941:WARNING:dns_config_service_win.cc(700)] Failed to read DnsConfig.
[0402/150842.004:WARNING:dns_config_service_win.cc(700)] Failed to read DnsConfig.
[0402/150846.947:WARNING:dns_config_service_win.cc(700)] Failed to read DnsConfig.
[0402/150847.010:WARNING:dns_config_service_win.cc(700)] Failed to read DnsConfig.
[0402/150851.953:WARNING:dns_config_service_win.cc(700)] Failed to read DnsConfig.
[0402/150852.019:WARNING:dns_config_service_win.cc(700)] Failed to read DnsConfig.
[0402/150856.964:WARNING:dns_config_service_win.cc(700)] Failed to read DnsConfig.
[0402/150857.028:WARNING:dns_config_service_win.cc(700)] Failed to read DnsConfig.
[0402/150901.974:WARNING:dns_config_service_win.cc(700)] Failed to read DnsConfig.
[0402/150902.036:WARNING:dns_config_service_win.cc(700)] Failed to read DnsConfig.
[0402/150906.982:WARNING:dns_config_service_win.cc(700)] Failed to read DnsConfig.
[0402/150907.046:WARNING:dns_config_service_win.cc(700)] Failed to read DnsConfig.
[0402/150911.991:WARNING:dns_config_service_win.cc(700)] Failed to read DnsConfig.
[0402/150912.055:WARNING:dns_config_service_win.cc(700)] Failed to read DnsConfig.
[0402/150917.009:WARNING:dns_config_service_win.cc(700)] Failed to read DnsConfig.
[0402/150917.074:WARNING:dns_config_service_win.cc(700)] Failed to read DnsConfig.
[0402/150922.012:WARNING:dns_config_service_win.cc(700)] Failed to read DnsConfig.
[0402/150922.089:WARNING:dns_config_service_win.cc(700)] Failed to read DnsConfig.
[0402/150927.018:WARNING:dns_config_service_win.cc(700)] Failed to read DnsConfig.
[0402/150927.097:WARNING:dns_config_service_win.cc(700)] Failed to read DnsConfig.
[0402/150932.025:WARNING:dns_config_service_win.cc(700)] Failed to read DnsConfig.
[0402/150932.104:WARNING:dns_config_service_win.cc(700)] Failed to read DnsConfig.
[0402/150937.029:WARNING:dns_config_service_win.cc(700)] Failed to read DnsConfig.
[0402/150937.121:WARNING:dns_config_service_win.cc(700)] Failed to read DnsConfig.
[0402/150942.042:WARNING:dns_config_service_win.cc(700)] Failed to read DnsConfig.
[0402/150942.136:WARNING:dns_config_service_win.cc(700)] Failed to read DnsConfig.
[0402/150947.048:WARNING:dns_config_service_win.cc(700)] Failed to read DnsConfig.
[0402/150947.144:WARNING:dns_config_service_win.cc(700)] Failed to read DnsConfig.
[0402/150952.066:WARNING:dns_config_service_win.cc(700)] Failed to read DnsConfig.
[0402/150952.162:WARNING:dns_config_service_win.cc(700)] Failed to read DnsConfig.
[0402/150957.073:WARNING:dns_config_service_win.cc(700)] Failed to read DnsConfig.
[0402/150957.167:WARNING:dns_config_service_win.cc(700)] Failed to read DnsConfig.
[0402/151002.086:WARNING:dns_config_service_win.cc(700)] Failed to read DnsConfig.
[0402/151002.177:WARNING:dns_config_service_win.cc(700)] Failed to read DnsConfig.
[0402/151007.101:WARNING:dns_config_service_win.cc(700)] Failed to read DnsConfig.
[0402/151007.194:WARNING:dns_config_service_win.cc(700)] Failed to read DnsConfig.
[0402/151012.119:WARNING:dns_config_service_win.cc(700)] Failed to read DnsConfig.
[0402/151012.196:WARNING:dns_config_service_win.cc(700)] Failed to read DnsConfig.
[0402/151017.132:WARNING:dns_config_service_win.cc(700)] Failed to read DnsConfig.
[0402/151017.211:WARNING:dns_config_service_win.cc(700)] Failed to read DnsConfig.
[0402/151022.147:WARNING:dns_config_service_win.cc(700)] Failed to read DnsConfig.
[0402/151022.226:WARNING:dns_config_service_win.cc(700)] Failed to read DnsConfig.
[0402/151027.149:WARNING:dns_config_service_win.cc(700)] Failed to read DnsConfig.
[0402/151027.240:WARNING:dns_config_service_win.cc(700)] Failed to read DnsConfig.
[0402/151029.646:WARNING:dns_config_service_win.cc(700)] Failed to read DnsConfig.
[0402/151029.818:WARNING:dns_config_service_win.cc(700)] Failed to read DnsConfig.
[0402/151032.152:WARNING:dns_config_service_win.cc(700)] Failed to read DnsConfig.
[0402/151032.244:WARNING:dns_config_service_win.cc(700)] Failed to read DnsConfig.
[0402/151034.661:WARNING:dns_config_service_win.cc(700)] Failed to read DnsConfig.
[0402/151034.831:WARNING:dns_config_service_win.cc(700)] Failed to read DnsConfig.
[0402/151037.156:WARNING:dns_config_service_win.cc(700)] Failed to read DnsConfig.
[0402/151037.249:WARNING:dns_config_service_win.cc(700)] Failed to read DnsConfig.
[0402/151039.663:WARNING:dns_config_service_win.cc(700)] Failed to read DnsConfig.
[0402/151039.835:WARNING:dns_config_service_win.cc(700)] Failed to read DnsConfig.
[0402/151040.466:INFO:CONSOLE(22)] "Here I am !!!", source: https://cn1app/streams/1 (22)
[0402/151042.166:WARNING:dns_config_service_win.cc(700)] Failed to read DnsConfig.
[0402/151042.259:WARNING:dns_config_service_win.cc(700)] Failed to read DnsConfig.
[0402/151044.673:WARNING:dns_config_service_win.cc(700)] Failed to read DnsConfig.
[0402/151044.841:WARNING:dns_config_service_win.cc(700)] Failed to read DnsConfig.
[0402/151047.170:WARNING:dns_config_service_win.cc(700)] Failed to read DnsConfig.
[0402/151047.264:WARNING:dns_config_service_win.cc(700)] Failed to read DnsConfig.
[0402/151049.689:WARNING:dns_config_service_win.cc(700)] Failed to read DnsConfig.
[0402/151049.845:WARNING:dns_config_service_win.cc(700)] Failed to read DnsConfig.
[0402/151052.187:WARNING:dns_config_service_win.cc(700)] Failed to read DnsConfig.
[0402/151052.279:WARNING:dns_config_service_win.cc(700)] Failed to read DnsConfig.
[0402/151054.699:WARNING:dns_config_service_win.cc(700)] Failed to read DnsConfig.
[0402/151054.854:WARNING:dns_config_service_win.cc(700)] Failed to read DnsConfig.
[0402/151057.190:WARNING:dns_config_service_win.cc(700)] Failed to read DnsConfig.
[0402/151057.285:WARNING:dns_config_service_win.cc(700)] Failed to read DnsConfig.
[0402/151059.709:WARNING:dns_config_service_win.cc(700)] Failed to read DnsConfig.
[0402/151059.863:WARNING:dns_config_service_win.cc(700)] Failed to read DnsConfig.
[0402/151102.196:WARNING:dns_config_service_win.cc(700)] Failed to read DnsConfig.
[0402/151102.296:WARNING:dns_config_service_win.cc(700)] Failed to read DnsConfig.
[0402/151104.725:WARNING:dns_config_service_win.cc(700)] Failed to read DnsConfig.
[0402/151104.879:WARNING:dns_config_service_win.cc(700)] Failed to read DnsConfig.
[0402/151107.206:WARNING:dns_config_service_win.cc(700)] Failed to read DnsConfig.
[0402/151107.313:WARNING:dns_config_service_win.cc(700)] Failed to read DnsConfig.
[0402/151109.736:WARNING:dns_config_service_win.cc(700)] Failed to read DnsConfig.
[0402/151109.891:WARNING:dns_config_service_win.cc(700)] Failed to read DnsConfig.
[0402/151112.209:WARNING:dns_config_service_win.cc(700)] Failed to read DnsConfig.
[0402/151112.318:WARNING:dns_config_service_win.cc(700)] Failed to read DnsConfig.
[0402/151114.753:WARNING:dns_config_service_win.cc(700)] Failed to read DnsConfig.
[0402/151114.906:WARNING:dns_config_service_win.cc(700)] Failed to read DnsConfig.
[0402/151117.220:WARNING:dns_config_service_win.cc(700)] Failed to read DnsConfig.
[0402/151117.329:WARNING:dns_config_service_win.cc(700)] Failed to read DnsConfig.
[0402/151119.766:WARNING:dns_config_service_win.cc(700)] Failed to read DnsConfig.
[0402/151119.922:WARNING:dns_config_service_win.cc(700)] Failed to read DnsConfig.
[0402/151122.234:WARNING:dns_config_service_win.cc(700)] Failed to read DnsConfig.
[0402/151122.341:WARNING:dns_config_service_win.cc(700)] Failed to read DnsConfig.
[0402/151124.772:WARNING:dns_config_service_win.cc(700)] Failed to read DnsConfig.
[0402/151124.924:WARNING:dns_config_service_win.cc(700)] Failed to read DnsConfig.
[0402/151127.249:WARNING:dns_config_service_win.cc(700)] Failed to read DnsConfig.
[0402/151127.359:WARNING:dns_config_service_win.cc(700)] Failed to read DnsConfig.
[0402/151129.782:WARNING:dns_config_service_win.cc(700)] Failed to read DnsConfig.
[0402/151129.936:WARNING:dns_config_service_win.cc(700)] Failed to read DnsConfig.
[0402/151132.265:WARNING:dns_config_service_win.cc(700)] Failed to read DnsConfig.
[0402/151132.377:WARNING:dns_config_service_win.cc(700)] Failed to read DnsConfig.
[0402/151134.793:WARNING:dns_config_service_win.cc(700)] Failed to read DnsConfig.
[0402/151134.947:WARNING:dns_config_service_win.cc(700)] Failed to read DnsConfig.
[0402/151137.278:WARNING:dns_config_service_win.cc(700)] Failed to read DnsConfig.
[0402/151137.385:WARNING:dns_config_service_win.cc(700)] Failed to read DnsConfig.
[0402/151139.805:WARNING:dns_config_service_win.cc(700)] Failed to read DnsConfig.
[0402/151139.958:WARNING:dns_config_service_win.cc(700)] Failed to read DnsConfig.
[0402/151142.283:WARNING:dns_config_service_win.cc(700)] Failed to read DnsConfig.
[0402/151142.390:WARNING:dns_config_service_win.cc(700)] Failed to read DnsConfig.
[0402/151144.823:WARNING:dns_config_service_win.cc(700)] Failed to read DnsConfig.
[0402/151144.962:WARNING:dns_config_service_win.cc(700)] Failed to read DnsConfig.
[0402/151147.288:WARNING:dns_config_service_win.cc(700)] Failed to read DnsConfig.
[0402/151147.397:WARNING:dns_config_service_win.cc(700)] Failed to read DnsConfig.
[0402/151149.834:WARNING:dns_config_service_win.cc(700)] Failed to read DnsConfig.
[0402/151149.973:WARNING:dns_config_service_win.cc(700)] Failed to read DnsConfig.
[0402/151152.292:WARNING:dns_config_service_win.cc(700)] Failed to read DnsConfig.
[0402/151152.400:WARNING:dns_config_service_win.cc(700)] Failed to read DnsConfig.
[0402/151154.840:WARNING:dns_config_service_win.cc(700)] Failed to read DnsConfig.
[0402/151154.978:WARNING:dns_config_service_win.cc(700)] Failed to read DnsConfig.
[0402/151157.295:WARNING:dns_config_service_win.cc(700)] Failed to read DnsConfig.
[0402/151157.403:WARNING:dns_config_service_win.cc(700)] Failed to read DnsConfig.
[0402/151159.849:WARNING:dns_config_service_win.cc(700)] Failed to read DnsConfig.
[0402/151159.988:WARNING:dns_config_service_win.cc(700)] Failed to read DnsConfig.
[0402/151202.307:WARNING:dns_config_service_win.cc(700)] Failed to read DnsConfig.
[0402/151202.415:WARNING:dns_config_service_win.cc(700)] Failed to read DnsConfig.
[0402/151204.860:WARNING:dns_config_service_win.cc(700)] Failed to read DnsConfig.
[0402/151205.001:WARNING:dns_config_service_win.cc(700)] Failed to read DnsConfig.
[0402/151207.324:WARNING:dns_config_service_win.cc(700)] Failed to read DnsConfig.
[0402/151207.432:WARNING:dns_config_service_win.cc(700)] Failed to read DnsConfig.
[0402/151209.873:WARNING:dns_config_service_win.cc(700)] Failed to read DnsConfig.
[0402/151210.011:WARNING:dns_config_service_win.cc(700)] Failed to read DnsConfig.
[0402/151212.344:WARNING:dns_config_service_win.cc(700)] Failed to read DnsConfig.
[0402/151212.447:WARNING:dns_config_service_win.cc(700)] Failed to read DnsConfig.
[0402/151214.877:WARNING:dns_config_service_win.cc(700)] Failed to read DnsConfig.
[0402/151215.014:WARNING:dns_config_service_win.cc(700)] Failed to read DnsConfig.
[0402/151217.356:WARNING:dns_config_service_win.cc(700)] Failed to read DnsConfig.
[0402/151217.465:WARNING:dns_config_service_win.cc(700)] Failed to read DnsConfig.
[0402/151219.892:WARNING:dns_config_service_win.cc(700)] Failed to read DnsConfig.
[0402/151220.029:WARNING:dns_config_service_win.cc(700)] Failed to read DnsConfig.
[0402/151222.359:WARNING:dns_config_service_win.cc(700)] Failed to read DnsConfig.
[0402/151222.482:WARNING:dns_config_service_win.cc(700)] Failed to read DnsConfig.
[0402/151224.906:WARNING:dns_config_service_win.cc(700)] Failed to read DnsConfig.
[0402/151225.046:WARNING:dns_config_service_win.cc(700)] Failed to read DnsConfig.
[0402/151227.368:WARNING:dns_config_service_win.cc(700)] Failed to read DnsConfig.
[0402/151227.491:WARNING:dns_config_service_win.cc(700)] Failed to read DnsConfig.
[0402/151229.920:WARNING:dns_config_service_win.cc(700)] Failed to read DnsConfig.
[0402/151230.060:WARNING:dns_config_service_win.cc(700)] Failed to read DnsConfig.
[0402/151232.383:WARNING:dns_config_service_win.cc(700)] Failed to read DnsConfig.
[0402/151232.506:WARNING:dns_config_service_win.cc(700)] Failed to read DnsConfig.
[0402/151234.923:WARNING:dns_config_service_win.cc(700)] Failed to read DnsConfig.
[0402/151235.077:WARNING:dns_config_service_win.cc(700)] Failed to read DnsConfig.
[0402/151237.398:WARNING:dns_config_service_win.cc(700)] Failed to read DnsConfig.
[0402/151237.521:WARNING:dns_config_service_win.cc(700)] Failed to read DnsConfig.
[0402/151239.937:WARNING:dns_config_service_win.cc(700)] Failed to read DnsConfig.
[0402/151240.091:WARNING:dns_config_service_win.cc(700)] Failed to read DnsConfig.
[0402/151242.413:WARNING:dns_config_service_win.cc(700)] Failed to read DnsConfig.
[0402/151242.537:WARNING:dns_config_service_win.cc(700)] Failed to read DnsConfig.
[0402/151244.949:WARNING:dns_config_service_win.cc(700)] Failed to read DnsConfig.
[0402/151245.101:WARNING:dns_config_service_win.cc(700)] Failed to read DnsConfig.
[0402/151247.424:WARNING:dns_config_service_win.cc(700)] Failed to read DnsConfig.
[0402/151247.548:WARNING:dns_config_service_win.cc(700)] Failed to read DnsConfig.
[0402/151249.955:WARNING:dns_config_service_win.cc(700)] Failed to read DnsConfig.
[0402/151250.116:WARNING:dns_config_service_win.cc(700)] Failed to read DnsConfig.
[0402/151252.431:WARNING:dns_config_service_win.cc(700)] Failed to read DnsConfig.
[0402/151252.556:WARNING:dns_config_service_win.cc(700)] Failed to read DnsConfig.
[0402/151254.960:WARNING:dns_config_service_win.cc(700)] Failed to read DnsConfig.
[0402/151255.128:WARNING:dns_config_service_win.cc(700)] Failed to read DnsConfig.
[0402/151257.437:WARNING:dns_config_service_win.cc(700)] Failed to read DnsConfig.
[0402/151257.560:WARNING:dns_config_service_win.cc(700)] Failed to read DnsConfig.
[0402/151259.966:WARNING:dns_config_service_win.cc(700)] Failed to read DnsConfig.
[0402/151300.142:WARNING:dns_config_service_win.cc(700)] Failed to read DnsConfig.
[0402/151302.447:WARNING:dns_config_service_win.cc(700)] Failed to read DnsConfig.
[0402/151302.569:WARNING:dns_config_service_win.cc(700)] Failed to read DnsConfig.
[0402/151304.971:WARNING:dns_config_service_win.cc(700)] Failed to read DnsConfig.
[0402/151305.153:WARNING:dns_config_service_win.cc(700)] Failed to read DnsConfig.
[0402/151307.462:WARNING:dns_config_service_win.cc(700)] Failed to read DnsConfig.
[0402/151307.587:WARNING:dns_config_service_win.cc(700)] Failed to read DnsConfig.
[0402/151309.984:WARNING:dns_config_service_win.cc(700)] Failed to read DnsConfig.
[0402/151310.166:WARNING:dns_config_service_win.cc(700)] Failed to read DnsConfig.
[0402/151312.472:WARNING:dns_config_service_win.cc(700)] Failed to read DnsConfig.
[0402/151312.591:WARNING:dns_config_service_win.cc(700)] Failed to read DnsConfig.
[0402/151314.994:WARNING:dns_config_service_win.cc(700)] Failed to read DnsConfig.
[0402/151315.178:WARNING:dns_config_service_win.cc(700)] Failed to read DnsConfig.
[0402/151317.475:WARNING:dns_config_service_win.cc(700)] Failed to read DnsConfig.
[0402/151317.598:WARNING:dns_config_service_win.cc(700)] Failed to read DnsConfig.
[0402/151320.006:WARNING:dns_config_service_win.cc(700)] Failed to read DnsConfig.
[0402/151320.191:WARNING:dns_config_service_win.cc(700)] Failed to read DnsConfig.
[0402/151322.477:WARNING:dns_config_service_win.cc(700)] Failed to read DnsConfig.
[0402/151322.602:WARNING:dns_config_service_win.cc(700)] Failed to read DnsConfig.
[0402/151325.023:WARNING:dns_config_service_win.cc(700)] Failed to read DnsConfig.
[0402/151325.209:WARNING:dns_config_service_win.cc(700)] Failed to read DnsConfig.
[0402/151327.491:WARNING:dns_config_service_win.cc(700)] Failed to read DnsConfig.
[0402/151327.610:WARNING:dns_config_service_win.cc(700)] Failed to read DnsConfig.
[0402/151330.034:WARNING:dns_config_service_win.cc(700)] Failed to read DnsConfig.
[0402/151330.217:WARNING:dns_config_service_win.cc(700)] Failed to read DnsConfig.
[0402/151332.501:WARNING:dns_config_service_win.cc(700)] Failed to read DnsConfig.
[0402/151332.627:WARNING:dns_config_service_win.cc(700)] Failed to read DnsConfig.
[0402/151335.051:WARNING:dns_config_service_win.cc(700)] Failed to read DnsConfig.
[0402/151335.234:WARNING:dns_config_service_win.cc(700)] Failed to read DnsConfig.
[0402/151337.516:WARNING:dns_config_service_win.cc(700)] Failed to read DnsConfig.
[0402/151337.638:WARNING:dns_config_service_win.cc(700)] Failed to read DnsConfig.
[0402/151340.070:WARNING:dns_config_service_win.cc(700)] Failed to read DnsConfig.
[0402/151340.248:WARNING:dns_config_service_win.cc(700)] Failed to read DnsConfig.
[0402/151342.533:WARNING:dns_config_service_win.cc(700)] Failed to read DnsConfig.
[0402/151342.656:WARNING:dns_config_service_win.cc(700)] Failed to read DnsConfig.
[0402/151345.078:WARNING:dns_config_service_win.cc(700)] Failed to read DnsConfig.
[0402/151345.263:WARNING:dns_config_service_win.cc(700)] Failed to read DnsConfig.
[0402/151347.550:WARNING:dns_config_service_win.cc(700)] Failed to read DnsConfig.
[0402/151347.674:WARNING:dns_config_service_win.cc(700)] Failed to read DnsConfig.
[0402/151350.101:WARNING:dns_config_service_win.cc(700)] Failed to read DnsConfig.
[0402/151350.281:WARNING:dns_config_service_win.cc(700)] Failed to read DnsConfig.
[0402/151352.564:WARNING:dns_config_service_win.cc(700)] Failed to read DnsConfig.
[0402/151352.686:WARNING:dns_config_service_win.cc(700)] Failed to read DnsConfig.
[0402/151355.117:WARNING:dns_config_service_win.cc(700)] Failed to read DnsConfig.
[0402/151355.285:WARNING:dns_config_service_win.cc(700)] Failed to read DnsConfig.
[0402/151357.585:WARNING:dns_config_service_win.cc(700)] Failed to read DnsConfig.
[0402/151357.702:WARNING:dns_config_service_win.cc(700)] Failed to read DnsConfig.
[0402/151400.134:WARNING:dns_config_service_win.cc(700)] Failed to read DnsConfig.
[0402/151400.288:WARNING:dns_config_service_win.cc(700)] Failed to read DnsConfig.
[0402/151402.587:WARNING:dns_config_service_win.cc(700)] Failed to read DnsConfig.
[0402/151402.713:WARNING:dns_config_service_win.cc(700)] Failed to read DnsConfig.
[0402/151405.148:WARNING:dns_config_service_win.cc(700)] Failed to read DnsConfig.
[0402/151405.302:WARNING:dns_config_service_win.cc(700)] Failed to read DnsConfig.
[0402/151407.595:WARNING:dns_config_service_win.cc(700)] Failed to read DnsConfig.
[0402/151407.723:WARNING:dns_config_service_win.cc(700)] Failed to read DnsConfig.
[0402/151410.156:WARNING:dns_config_service_win.cc(700)] Failed to read DnsConfig.
[0402/151410.310:WARNING:dns_config_service_win.cc(700)] Failed to read DnsConfig.
[0402/151412.610:WARNING:dns_config_service_win.cc(700)] Failed to read DnsConfig.
[0402/151412.734:WARNING:dns_config_service_win.cc(700)] Failed to read DnsConfig.
[0402/151415.166:WARNING:dns_config_service_win.cc(700)] Failed to read DnsConfig.
[0402/151415.319:WARNING:dns_config_service_win.cc(700)] Failed to read DnsConfig.
[0402/151417.620:WARNING:dns_config_service_win.cc(700)] Failed to read DnsConfig.
[0402/151417.742:WARNING:dns_config_service_win.cc(700)] Failed to read DnsConfig.
[0402/151420.190:WARNING:dns_config_service_win.cc(700)] Failed to read DnsConfig.
[0402/151420.321:WARNING:dns_config_service_win.cc(700)] Failed to read DnsConfig.
[0402/151422.637:WARNING:dns_config_service_win.cc(700)] Failed to read DnsConfig.
[0402/151422.746:WARNING:dns_config_service_win.cc(700)] Failed to read DnsConfig.
[0402/151427.647:WARNING:dns_config_service_win.cc(700)] Failed to read DnsConfig.
[0402/151427.756:WARNING:dns_config_service_win.cc(700)] Failed to read DnsConfig.
[0402/151432.664:WARNING:dns_config_service_win.cc(700)] Failed to read DnsConfig.
[0402/151432.774:WARNING:dns_config_service_win.cc(700)] Failed to read DnsConfig.
[0402/151437.666:WARNING:dns_config_service_win.cc(700)] Failed to read DnsConfig.
[0402/151437.791:WARNING:dns_config_service_win.cc(700)] Failed to read DnsConfig.
[0403/002918.347:INFO:CONSOLE(69)] "You must enable Billing on the Google Cloud Project at https://console.cloud.google.com/project/_/billing/enable Learn more at https://developers.google.com/maps/gmp-get-started", source: https://maps.googleapis.com/maps/api/js?key=AIzaSyCy-fMWerzvXcPCV0FDI07hW2DAzs_mnpY&callback=initMap (69)
[0403/002926.235:INFO:CONSOLE(22)] "Here I am !!!", source: https://cn1app/streams/1 (22)
[0403/002957.876:INFO:CONSOLE(69)] "You must enable Billing on the Google Cloud Project at https://console.cloud.google.com/project/_/billing/enable Learn more at https://developers.google.com/maps/gmp-get-started", source: https://maps.googleapis.com/maps/api/js?key=AIzaSyCy-fMWerzvXcPCV0FDI07hW2DAzs_mnpY&callback=initMap (69)
[0403/003007.281:INFO:CONSOLE(22)] "Here I am !!!", source: https://cn1app/streams/2 (22)
[0403/015721.997:INFO:CONSOLE(69)] "You must enable Billing on the Google Cloud Project at https://console.cloud.google.com/project/_/billing/enable Learn more at https://developers.google.com/maps/gmp-get-started", source: https://maps.googleapis.com/maps/api/js?key=AIzaSyCy-fMWerzvXcPCV0FDI07hW2DAzs_mnpY&callback=initMap (69)
[0403/015729.882:INFO:CONSOLE(22)] "Here I am !!!", source: https://cn1app/streams/1 (22)
[0403/084745.413:INFO:CONSOLE(69)] "You must enable Billing on the Google Cloud Project at https://console.cloud.google.com/project/_/billing/enable Learn more at https://developers.google.com/maps/gmp-get-started", source: https://maps.googleapis.com/maps/api/js?key=AIzaSyCy-fMWerzvXcPCV0FDI07hW2DAzs_mnpY&callback=initMap (69)
[0403/084753.297:INFO:CONSOLE(22)] "Here I am !!!", source: https://cn1app/streams/1 (22)
[0403/090514.615:INFO:CONSOLE(69)] "You must enable Billing on the Google Cloud Project at https://console.cloud.google.com/project/_/billing/enable Learn more at https://developers.google.com/maps/gmp-get-started", source: https://maps.googleapis.com/maps/api/js?key=AIzaSyCy-fMWerzvXcPCV0FDI07hW2DAzs_mnpY&callback=initMap (69)
[0403/090522.506:INFO:CONSOLE(22)] "Here I am !!!", source: https://cn1app/streams/1 (22)
[0403/091105.384:INFO:CONSOLE(69)] "You must enable Billing on the Google Cloud Project at https://console.cloud.google.com/project/_/billing/enable Learn more at https://developers.google.com/maps/gmp-get-started", source: https://maps.googleapis.com/maps/api/js?key=AIzaSyCy-fMWerzvXcPCV0FDI07hW2DAzs_mnpY&callback=initMap (69)
[0403/091111.091:INFO:CONSOLE(22)] "Here I am !!!", source: https://cn1app/streams/1 (22)
[0403/091252.942:INFO:CONSOLE(69)] "You must enable Billing on the Google Cloud Project at https://console.cloud.google.com/project/_/billing/enable Learn more at https://developers.google.com/maps/gmp-get-started", source: https://maps.googleapis.com/maps/api/js?key=AIzaSyCy-fMWerzvXcPCV0FDI07hW2DAzs_mnpY&callback=initMap (69)
[0403/091302.090:INFO:CONSOLE(22)] "Here I am !!!", source: https://cn1app/streams/2 (22)
[0403/091659.191:INFO:CONSOLE(69)] "You must enable Billing on the Google Cloud Project at https://console.cloud.google.com/project/_/billing/enable Learn more at https://developers.google.com/maps/gmp-get-started", source: https://maps.googleapis.com/maps/api/js?key=AIzaSyCy-fMWerzvXcPCV0FDI07hW2DAzs_mnpY&callback=initMap (69)
[0403/091708.432:INFO:CONSOLE(22)] "Here I am !!!", source: https://cn1app/streams/3 (22)
[0513/115026.557:INFO:CONSOLE(66)] "You must enable Billing on the Google Cloud Project at https://console.cloud.google.com/project/_/billing/enable Learn more at https://developers.google.com/maps/gmp-get-started", source: https://maps.googleapis.com/maps/api/js?key=AIzaSyCy-fMWerzvXcPCV0FDI07hW2DAzs_mnpY&callback=initMap (66)
[0513/115027.262:WARNING:spdy_session.cc(3365)] Received HEADERS for invalid stream 5
[0513/115034.629:INFO:CONSOLE(22)] "Here I am !!!", source: https://cn1app/streams/1 (22)
